Card Number: 3131
Expiry Date: 11/12
Cvv: 545

Card Number: 3131
Expiry Date: 11/12
Cvv: 545

Card Number: None
Expiry Date: 2024-06-01
Cvv: 343

Card Number: 3543
Expiry Date: 53/55
Cvv: 54544

Card Number: 3543
Expiry Date: 53/55
Cvv: 54544

Card Number: 3543
Expiry Date: 53/55
Cvv: 54544

Card Number: 3543
Expiry Date: 53/55
Cvv: 54544

Card Number: 3543
Expiry Date: 53/55
Cvv: 54544

Card Number: 3543
Expiry Date: 53/55
Cvv: 54544

Card Number: 23232
Expiry Date: 23/33
Cvv: 7

Card Number: 3455
Expiry Date: 54/54
Cvv: 454

Card Number: 3455
Expiry Date: 54/54
Cvv: 454

Card Number: 332
Expiry Date: 32/55
Cvv: 3232

Card Number: 3455
Expiry Date: 54/54
Cvv: 454

Card Number: 12
Expiry Date: 12/12
Cvv: 122

Card Number: 5445
Expiry Date: 45/66
Cvv: 222

Card Number: 213123
Expiry Date: 11/66
Cvv: 21212

Card Number: 12689898
Expiry Date: 12/33
Cvv: 122

